<?xml version="1.0" encoding="UTF-8"?>
<!-- Generated by org.testng.reporters.JUnitReportReporter -->
<testsuite hostname="ArvindRAM" failures="0" tests="5" name="parallel.ParallelRun" time="89.874" errors="0" timestamp="10 Mar 2021 17:41:39 GMT" skipped="0">
  <testcase classname="parallel.ParallelRun" name="runScenario" time="14.638"/>
  <testcase classname="parallel.ParallelRun" name="runScenario" time="20.483"/>
  <testcase classname="parallel.ParallelRun" name="runScenario" time="20.432"/>
  <testcase classname="parallel.ParallelRun" name="runScenario" time="20.379"/>
  <testcase classname="parallel.ParallelRun" name="runScenario" time="13.942"/>
</testsuite> <!-- parallel.ParallelRun -->
